c:\users\owner\desktop\opengl_laptopversion2\opengl_laptopversion\debug\vc141.pdb
c:\users\owner\desktop\opengl_laptopversion2\opengl_laptopversion\debug\vc141.idb
c:\users\owner\desktop\opengl_laptopversion2\opengl_laptopversion\debug\plyloader.obj
c:\users\owner\desktop\opengl_laptopversion2\opengl_laptopversion\debug\object.obj
c:\users\owner\desktop\opengl_laptopversion2\opengl_laptopversion\debug\initshader.obj
c:\users\owner\desktop\opengl_laptopversion2\opengl_laptopversion\debug\cube_drawer.obj
c:\users\owner\desktop\opengl_laptopversion2\opengl_laptopversion\debug\sodie_coke.obj
c:\users\owner\desktop\opengl_laptopversion2\debug\opengl_laptopversion.ilk
c:\users\owner\desktop\opengl_laptopversion2\debug\opengl_laptopversion.exe
c:\users\owner\desktop\opengl_laptopversion2\debug\opengl_laptopversion.pdb
c:\users\owner\desktop\opengl_laptopversion2\opengl_laptopversion\debug\append_example5.obj
c:\users\owner\desktop\opengl_laptopversion2\opengl_laptopversion\debug\model.obj
c:\users\owner\desktop\opengl_laptopversion2\opengl_laptopversion\debug\cube_drawer.new.obj.enc
c:\users\owner\desktop\opengl_laptopversion2\opengl_laptopversion\debug\object.obj.enc
c:\users\owner\desktop\opengl_laptopversion2\opengl_laptopversion\debug\opengl_l.a0da1613.tlog\cl.command.1.tlog
c:\users\owner\desktop\opengl_laptopversion2\opengl_laptopversion\debug\opengl_l.a0da1613.tlog\cl.read.1.tlog
c:\users\owner\desktop\opengl_laptopversion2\opengl_laptopversion\debug\opengl_l.a0da1613.tlog\cl.write.1.tlog
c:\users\owner\desktop\opengl_laptopversion2\opengl_laptopversion\debug\opengl_l.a0da1613.tlog\link.command.1.tlog
c:\users\owner\desktop\opengl_laptopversion2\opengl_laptopversion\debug\opengl_l.a0da1613.tlog\link.read.1.tlog
c:\users\owner\desktop\opengl_laptopversion2\opengl_laptopversion\debug\opengl_l.a0da1613.tlog\link.write.1.tlog
