  Object.cpp
c:\commonopengl\angelfiles\angel.h(63): warning C4305: 'initializing': truncation from 'double' to 'GLfloat'
c:\commonopengl\angelfiles\mat.h(698): warning C4244: '=': conversion from 'double' to 'GLfloat', possible loss of data
c:\commonopengl\angelfiles\mat.h(699): warning C4244: '=': conversion from 'double' to 'GLfloat', possible loss of data
c:\commonopengl\angelfiles\mat.h(700): warning C4244: '=': conversion from 'double' to 'GLfloat', possible loss of data
c:\commonopengl\angelfiles\mat.h(721): warning C4244: '=': conversion from 'double' to 'GLfloat', possible loss of data
c:\commonopengl\angelfiles\mat.h(723): warning C4244: '=': conversion from 'double' to 'GLfloat', possible loss of data
c:\commonopengl\angelfiles\mat.h(726): warning C4244: '=': conversion from 'double' to 'GLfloat', possible loss of data
c:\commonopengl\angelfiles\mat.h(743): warning C4244: '=': conversion from 'double' to 'GLfloat', possible loss of data
  Sodie_Coke.cpp
c:\commonopengl\angelfiles\angel.h(63): warning C4305: 'initializing': truncation from 'double' to 'GLfloat'
c:\commonopengl\angelfiles\mat.h(698): warning C4244: '=': conversion from 'double' to 'GLfloat', possible loss of data
c:\commonopengl\angelfiles\mat.h(699): warning C4244: '=': conversion from 'double' to 'GLfloat', possible loss of data
c:\commonopengl\angelfiles\mat.h(700): warning C4244: '=': conversion from 'double' to 'GLfloat', possible loss of data
c:\commonopengl\angelfiles\mat.h(721): warning C4244: '=': conversion from 'double' to 'GLfloat', possible loss of data
c:\commonopengl\angelfiles\mat.h(723): warning C4244: '=': conversion from 'double' to 'GLfloat', possible loss of data
c:\commonopengl\angelfiles\mat.h(726): warning C4244: '=': conversion from 'double' to 'GLfloat', possible loss of data
c:\commonopengl\angelfiles\mat.h(743): warning C4244: '=': conversion from 'double' to 'GLfloat', possible loss of data
  plyloader.cpp
c:\commonopengl\angelfiles\angel.h(63): warning C4305: 'initializing': truncation from 'double' to 'GLfloat'
c:\commonopengl\angelfiles\mat.h(698): warning C4244: '=': conversion from 'double' to 'GLfloat', possible loss of data
c:\commonopengl\angelfiles\mat.h(699): warning C4244: '=': conversion from 'double' to 'GLfloat', possible loss of data
c:\commonopengl\angelfiles\mat.h(700): warning C4244: '=': conversion from 'double' to 'GLfloat', possible loss of data
c:\commonopengl\angelfiles\mat.h(721): warning C4244: '=': conversion from 'double' to 'GLfloat', possible loss of data
c:\commonopengl\angelfiles\mat.h(723): warning C4244: '=': conversion from 'double' to 'GLfloat', possible loss of data
c:\commonopengl\angelfiles\mat.h(726): warning C4244: '=': conversion from 'double' to 'GLfloat', possible loss of data
c:\commonopengl\angelfiles\mat.h(743): warning C4244: '=': conversion from 'double' to 'GLfloat', possible loss of data
c:\users\owner\desktop\opengl_laptopversion2\opengl_laptopversion\plyloader.cpp(61): warning C4244: '=': conversion from 'int' to 'float', possible loss of data
c:\users\owner\desktop\opengl_laptopversion2\opengl_laptopversion\plyloader.cpp(176): warning C4244: 'argument': conversion from 'int' to 'GLfloat', possible loss of data
c:\users\owner\desktop\opengl_laptopversion2\opengl_laptopversion\plyloader.cpp(198): warning C4244: 'argument': conversion from 'int' to 'GLfloat', possible loss of data
c:\users\owner\desktop\opengl_laptopversion2\opengl_laptopversion\plyloader.cpp(90): warning C4101: 'position': unreferenced local variable
c:\users\owner\desktop\opengl_laptopversion2\opengl_laptopversion\plyloader.cpp(89): warning C4101: 'nvertices': unreferenced local variable
  Generating Code...
  OpenGL_LaptopVersion.vcxproj -> C:\Users\Owner\Desktop\OpenGL_LaptopVersion2\Debug\OpenGL_LaptopVersion.exe
